d:\mgr2\programowanie zorientowane obiektowo\adamowicz_jankiewicz_projekt_pzo\adamowicz_jankiewicz_projekt_pzo\x64\debug\vc140.pdb
d:\mgr2\programowanie zorientowane obiektowo\adamowicz_jankiewicz_projekt_pzo\adamowicz_jankiewicz_projekt_pzo\x64\debug\xml_users_list.obj
d:\mgr2\programowanie zorientowane obiektowo\adamowicz_jankiewicz_projekt_pzo\adamowicz_jankiewicz_projekt_pzo\x64\debug\xml_tasks_list.obj
d:\mgr2\programowanie zorientowane obiektowo\adamowicz_jankiewicz_projekt_pzo\adamowicz_jankiewicz_projekt_pzo\x64\debug\xml.obj
d:\mgr2\programowanie zorientowane obiektowo\adamowicz_jankiewicz_projekt_pzo\adamowicz_jankiewicz_projekt_pzo\x64\debug\main.obj
d:\mgr2\programowanie zorientowane obiektowo\adamowicz_jankiewicz_projekt_pzo\adamowicz_jankiewicz_projekt_pzo\x64\debug\kalendarz.obj
d:\mgr2\programowanie zorientowane obiektowo\adamowicz_jankiewicz_projekt_pzo\adamowicz_jankiewicz_projekt_pzo\x64\debug\login.obj
d:\mgr2\programowanie zorientowane obiektowo\adamowicz_jankiewicz_projekt_pzo\adamowicz_jankiewicz_projekt_pzo\x64\debug\moc_login.obj
d:\mgr2\programowanie zorientowane obiektowo\adamowicz_jankiewicz_projekt_pzo\adamowicz_jankiewicz_projekt_pzo\x64\debug\moc_kalendarz.obj
d:\mgr2\programowanie zorientowane obiektowo\adamowicz_jankiewicz_projekt_pzo\adamowicz_jankiewicz_projekt_pzo\x64\debug\moc_adduser.obj
d:\mgr2\programowanie zorientowane obiektowo\adamowicz_jankiewicz_projekt_pzo\adamowicz_jankiewicz_projekt_pzo\x64\debug\moc_addtask.obj
d:\mgr2\programowanie zorientowane obiektowo\adamowicz_jankiewicz_projekt_pzo\adamowicz_jankiewicz_projekt_pzo\x64\debug\moc_adamowicz_jankiewicz_projekt_pzo.obj
d:\mgr2\programowanie zorientowane obiektowo\adamowicz_jankiewicz_projekt_pzo\adamowicz_jankiewicz_projekt_pzo\x64\debug\adduser.obj
d:\mgr2\programowanie zorientowane obiektowo\adamowicz_jankiewicz_projekt_pzo\adamowicz_jankiewicz_projekt_pzo\x64\debug\addtask.obj
d:\mgr2\programowanie zorientowane obiektowo\adamowicz_jankiewicz_projekt_pzo\adamowicz_jankiewicz_projekt_pzo\x64\debug\adamowicz_jankiewicz_projekt_pzo.obj
d:\mgr2\programowanie zorientowane obiektowo\adamowicz_jankiewicz_projekt_pzo\adamowicz_jankiewicz_projekt_pzo\x64\debug\qrc_adamowicz_jankiewicz_projekt_pzo.obj
d:\mgr2\programowanie zorientowane obiektowo\adamowicz_jankiewicz_projekt_pzo\adamowicz_jankiewicz_projekt_pzo\generatedfiles\debug\moc_adamowicz_jankiewicz_projekt_pzo.cpp
d:\mgr2\programowanie zorientowane obiektowo\adamowicz_jankiewicz_projekt_pzo\adamowicz_jankiewicz_projekt_pzo\generatedfiles\ui_adamowicz_jankiewicz_projekt_pzo.h
d:\mgr2\programowanie zorientowane obiektowo\adamowicz_jankiewicz_projekt_pzo\adamowicz_jankiewicz_projekt_pzo\generatedfiles\debug\moc_addtask.cpp
d:\mgr2\programowanie zorientowane obiektowo\adamowicz_jankiewicz_projekt_pzo\adamowicz_jankiewicz_projekt_pzo\generatedfiles\debug\moc_login.cpp
d:\mgr2\programowanie zorientowane obiektowo\adamowicz_jankiewicz_projekt_pzo\adamowicz_jankiewicz_projekt_pzo\generatedfiles\debug\moc_kalendarz.cpp
d:\mgr2\programowanie zorientowane obiektowo\adamowicz_jankiewicz_projekt_pzo\adamowicz_jankiewicz_projekt_pzo\generatedfiles\debug\moc_adduser.cpp
d:\mgr2\programowanie zorientowane obiektowo\adamowicz_jankiewicz_projekt_pzo\adamowicz_jankiewicz_projekt_pzo\generatedfiles\qrc_adamowicz_jankiewicz_projekt_pzo.cpp
d:\mgr2\programowanie zorientowane obiektowo\adamowicz_jankiewicz_projekt_pzo\adamowicz_jankiewicz_projekt_pzo\generatedfiles\ui_adduser.h
d:\mgr2\programowanie zorientowane obiektowo\adamowicz_jankiewicz_projekt_pzo\adamowicz_jankiewicz_projekt_pzo\generatedfiles\ui_login.h
d:\mgr2\programowanie zorientowane obiektowo\adamowicz_jankiewicz_projekt_pzo\adamowicz_jankiewicz_projekt_pzo\generatedfiles\ui_kalendarz.h
d:\mgr2\programowanie zorientowane obiektowo\adamowicz_jankiewicz_projekt_pzo\adamowicz_jankiewicz_projekt_pzo\generatedfiles\ui_addtask.h
d:\mgr2\programowanie zorientowane obiektowo\adamowicz_jankiewicz_projekt_pzo\x64\debug\adamowicz_jankiewicz_projekt_pzo.ilk
d:\mgr2\programowanie zorientowane obiektowo\adamowicz_jankiewicz_projekt_pzo\x64\debug\adamowicz_jankiewicz_projekt_pzo.exe
d:\mgr2\programowanie zorientowane obiektowo\adamowicz_jankiewicz_projekt_pzo\x64\debug\adamowicz_jankiewicz_projekt_pzo.pdb
d:\mgr2\programowanie zorientowane obiektowo\adamowicz_jankiewicz_projekt_pzo\adamowicz_jankiewicz_projekt_pzo\x64\debug\adamowic.b12702ad.tlog\cl.command.1.tlog
d:\mgr2\programowanie zorientowane obiektowo\adamowicz_jankiewicz_projekt_pzo\adamowicz_jankiewicz_projekt_pzo\x64\debug\adamowic.b12702ad.tlog\cl.read.1.tlog
d:\mgr2\programowanie zorientowane obiektowo\adamowicz_jankiewicz_projekt_pzo\adamowicz_jankiewicz_projekt_pzo\x64\debug\adamowic.b12702ad.tlog\cl.write.1.tlog
d:\mgr2\programowanie zorientowane obiektowo\adamowicz_jankiewicz_projekt_pzo\adamowicz_jankiewicz_projekt_pzo\x64\debug\adamowic.b12702ad.tlog\custombuild.command.1.tlog
d:\mgr2\programowanie zorientowane obiektowo\adamowicz_jankiewicz_projekt_pzo\adamowicz_jankiewicz_projekt_pzo\x64\debug\adamowic.b12702ad.tlog\custombuild.read.1.tlog
d:\mgr2\programowanie zorientowane obiektowo\adamowicz_jankiewicz_projekt_pzo\adamowicz_jankiewicz_projekt_pzo\x64\debug\adamowic.b12702ad.tlog\custombuild.write.1.tlog
d:\mgr2\programowanie zorientowane obiektowo\adamowicz_jankiewicz_projekt_pzo\adamowicz_jankiewicz_projekt_pzo\x64\debug\adamowic.b12702ad.tlog\link.command.1.tlog
d:\mgr2\programowanie zorientowane obiektowo\adamowicz_jankiewicz_projekt_pzo\adamowicz_jankiewicz_projekt_pzo\x64\debug\adamowic.b12702ad.tlog\link.read.1.tlog
d:\mgr2\programowanie zorientowane obiektowo\adamowicz_jankiewicz_projekt_pzo\adamowicz_jankiewicz_projekt_pzo\x64\debug\adamowic.b12702ad.tlog\link.write.1.tlog
