  Moc'ing adamowicz_jankiewicz_projekt_pzo.h...
  Uic'ing adamowicz_jankiewicz_projekt_pzo.ui...
  Moc'ing addtask.h...
  Moc'ing login.h...
  Moc'ing kalendarz.h...
  Moc'ing adduser.h...
  Rcc'ing adamowicz_jankiewicz_projekt_pzo.qrc...
RCC : warning : No resources in 'D:\mgr2\Programowanie zorientowane obiektowo\Adamowicz_Jankiewicz_projekt_PZO\Adamowicz_Jankiewicz_projekt_PZO\adamowicz_jankiewicz_projekt_pzo.qrc'.
  
  Uic'ing GeneratedFiles\adduser.ui...
  Uic'ing GeneratedFiles\login.ui...
  Uic'ing GeneratedFiles\kalendarz.ui...
  Uic'ing GeneratedFiles\addtask.ui...
  adamowicz_jankiewicz_projekt_pzo.cpp
  addtask.cpp
  adduser.cpp
  moc_adamowicz_jankiewicz_projekt_pzo.cpp
  moc_addtask.cpp
  moc_adduser.cpp
  moc_kalendarz.cpp
  moc_login.cpp
  login.cpp
  kalendarz.cpp
  main.cpp
  xml.cpp
  xml_tasks_list.cpp
  xml_users_list.cpp
  Generating Code...
  qrc_adamowicz_jankiewicz_projekt_pzo.cpp
  Adamowicz_Jankiewicz_projekt_PZO.vcxproj -> D:\mgr2\Programowanie zorientowane obiektowo\Adamowicz_Jankiewicz_projekt_PZO\x64\Debug\Adamowicz_Jankiewicz_projekt_PZO.exe
  Adamowicz_Jankiewicz_projekt_PZO.vcxproj -> D:\mgr2\Programowanie zorientowane obiektowo\Adamowicz_Jankiewicz_projekt_PZO\x64\Debug\Adamowicz_Jankiewicz_projekt_PZO.pdb (Full PDB)
